# JRE version: Java(TM) SE Runtime Environment (8.0_45-b15) (build 1.8.0_45-b15)
# Java VM: Java HotSpot(TM) 64-Bit Server VM (25.45-b02 mixed mode windows-amd64 compressed oops)
Heap:
 PSYoungGen      total 138240K, used 67270K [0x00000000eab00000, 0x00000000f3700000, 0x0000000100000000)
  eden space 133120K, 50% used [0x00000000eab00000,0x00000000eecb1878,0x00000000f2d00000)
  from space 5120K, 0% used [0x00000000f2d00000,0x00000000f2d00000,0x00000000f3200000)
  to   space 5120K, 0% used [0x00000000f3200000,0x00000000f3200000,0x00000000f3700000)
 ParOldGen       total 165376K, used 49806K [0x00000000c0000000, 0x00000000ca180000, 0x00000000eab00000)
  object space 165376K, 30% used [0x00000000c0000000,0x00000000c30a3b98,0x00000000ca180000)
 Metaspace       used 7669K, capacity 8248K, committed 8448K, reserved 1056768K
  class space    used 721K, capacity 752K, committed 768K, reserved 1048576K
GC Heap History (10 events):
Event: 6.657 GC heap before
{Heap before GC invocations=9 (full 2):
 PSYoungGen      total 138240K, used 5106K [0x00000000eab00000, 0x00000000f3700000, 0x0000000100000000)
  eden space 133120K, 0% used [0x00000000eab00000,0x00000000eab00000,0x00000000f2d00000)
  from space 5120K, 99% used [0x00000000f2d00000,0x00000000f31fcac0,0x00000000f3200000)
  to   space 5120K, 0% used [0x00000000f3200000,0x00000000f3200000,0x00000000f3700000)
 ParOldGen       total 165376K, used 134561K [0x00000000c0000000, 0x00000000ca180000, 0x00000000eab00000)
  object space 165376K, 81% used [0x00000000c0000000,0x00000000c83687d0,0x00000000ca180000)
 Metaspace       used 6210K, capacity 7088K, committed 7296K, reserved 1056768K
  class space    used 592K, capacity 616K, committed 640K, reserved 1048576K
Event: 7.131 GC heap after
Heap after GC invocations=9 (full 2):
 PSYoungGen      total 138240K, used 0K [0x00000000eab00000, 0x00000000f3700000, 0x0000000100000000)
  eden space 133120K, 0% used [0x00000000eab00000,0x00000000eab00000,0x00000000f2d00000)
  from space 5120K, 0% used [0x00000000f2d00000,0x00000000f2d00000,0x00000000f3200000)
  to   space 5120K, 0% used [0x00000000f3200000,0x00000000f3200000,0x00000000f3700000)
 ParOldGen       total 165376K, used 89703K [0x00000000c0000000, 0x00000000ca180000, 0x00000000eab00000)
  object space 165376K, 54% used [0x00000000c0000000,0x00000000c5799ca0,0x00000000ca180000)
 Metaspace       used 6210K, capacity 7088K, committed 7296K, reserved 1056768K
  class space    used 592K, capacity 616K, committed 640K, reserved 1048576K
}
Event: 8.255 GC heap before
{Heap before GC invocations=10 (full 2):
 PSYoungGen      total 138240K, used 133120K [0x00000000eab00000, 0x00000000f3700000, 0x0000000100000000)
  eden space 133120K, 100% used [0x00000000eab00000,0x00000000f2d00000,0x00000000f2d00000)
  from space 5120K, 0% used [0x00000000f2d00000,0x00000000f2d00000,0x00000000f3200000)
  to   space 5120K, 0% used [0x00000000f3200000,0x00000000f3200000,0x00000000f3700000)
 ParOldGen       total 165376K, used 89703K [0x00000000c0000000, 0x00000000ca180000, 0x00000000eab00000)
  object space 165376K, 54% used [0x00000000c0000000,0x00000000c5799ca0,0x00000000ca180000)
 Metaspace       used 6210K, capacity 7088K, committed 7296K, reserved 1056768K
  class space    used 592K, capacity 616K, committed 640K, reserved 1048576K
Event: 8.324 GC heap after
Heap after GC invocations=10 (full 2):
 PSYoungGen      total 138240K, used 5112K [0x00000000eab00000, 0x00000000f3700000, 0x0000000100000000)
  eden space 133120K, 0% used [0x00000000eab00000,0x00000000eab00000,0x00000000f2d00000)
  from space 5120K, 99% used [0x00000000f3200000,0x00000000f36fe380,0x00000000f3700000)
  to   space 5120K, 0% used [0x00000000f2d00000,0x00000000f2d00000,0x00000000f3200000)
 ParOldGen       total 165376K, used 134565K [0x00000000c0000000, 0x00000000ca180000, 0x00000000eab00000)
  object space 165376K, 81% used [0x00000000c0000000,0x00000000c8369598,0x00000000ca180000)
 Metaspace       used 6210K, capacity 7088K, committed 7296K, reserved 1056768K
  class space    used 592K, capacity 616K, committed 640K, reserved 1048576K
}
Event: 8.324 GC heap before
{Heap before GC invocations=11 (full 3):
 PSYoungGen      total 138240K, used 5112K [0x00000000eab00000, 0x00000000f3700000, 0x0000000100000000)
  eden space 133120K, 0% used [0x00000000eab00000,0x00000000eab00000,0x00000000f2d00000)
  from space 5120K, 99% used [0x00000000f3200000,0x00000000f36fe380,0x00000000f3700000)
  to   space 5120K, 0% used [0x00000000f2d00000,0x00000000f2d00000,0x00000000f3200000)
 ParOldGen       total 165376K, used 134565K [0x00000000c0000000, 0x00000000ca180000, 0x00000000eab00000)
  object space 165376K, 81% used [0x00000000c0000000,0x00000000c8369598,0x00000000ca180000)
 Metaspace       used 6210K, capacity 7088K, committed 7296K, reserved 1056768K
  class space    used 592K, capacity 616K, committed 640K, reserved 1048576K
Event: 8.691 GC heap after
Heap after GC invocations=11 (full 3):
 PSYoungGen      total 138240K, used 0K [0x00000000eab00000, 0x00000000f3700000, 0x0000000100000000)
  eden space 133120K, 0% used [0x00000000eab00000,0x00000000eab00000,0x00000000f2d00000)
  from space 5120K, 0% used [0x00000000f3200000,0x00000000f3200000,0x00000000f3700000)
  to   space 5120K, 0% used [0x00000000f2d00000,0x00000000f2d00000,0x00000000f3200000)
 ParOldGen       total 165376K, used 94028K [0x00000000c0000000, 0x00000000ca180000, 0x00000000eab00000)
  object space 165376K, 56% used [0x00000000c0000000,0x00000000c5bd31c8,0x00000000ca180000)
 Metaspace       used 6210K, capacity 7088K, committed 7296K, reserved 1056768K
  class space    used 592K, capacity 616K, committed 640K, reserved 1048576K
}
Event: 11.164 GC heap before
{Heap before GC invocations=12 (full 3):
 PSYoungGen      total 138240K, used 133120K [0x00000000eab00000, 0x00000000f3700000, 0x0000000100000000)
  eden space 133120K, 100% used [0x00000000eab00000,0x00000000f2d00000,0x00000000f2d00000)
  from space 5120K, 0% used [0x00000000f3200000,0x00000000f3200000,0x00000000f3700000)
  to   space 5120K, 0% used [0x00000000f2d00000,0x00000000f2d00000,0x00000000f3200000)
 ParOldGen       total 165376K, used 94028K [0x00000000c0000000, 0x00000000ca180000, 0x00000000eab00000)
  object space 165376K, 56% used [0x00000000c0000000,0x00000000c5bd31c8,0x00000000ca180000)
 Metaspace       used 7243K, capacity 7800K, committed 7936K, reserved 1056768K
  class space    used 675K, capacity 688K, committed 768K, reserved 1048576K
Event: 11.194 GC heap after
Heap after GC invocations=12 (full 3):
 PSYoungGen      total 138240K, used 5119K [0x00000000eab00000, 0x00000000f3700000, 0x0000000100000000)
  eden space 133120K, 0% used [0x00000000eab00000,0x00000000eab00000,0x00000000f2d00000)
  from space 5120K, 99% used [0x00000000f2d00000,0x00000000f31ffd88,0x00000000f3200000)
  to   space 5120K, 0% used [0x00000000f3200000,0x00000000f3200000,0x00000000f3700000)
 ParOldGen       total 165376K, used 117065K [0x00000000c0000000, 0x00000000ca180000, 0x00000000eab00000)
  object space 165376K, 70% used [0x00000000c0000000,0x00000000c72526f8,0x00000000ca180000)
 Metaspace       used 7243K, capacity 7800K, committed 7936K, reserved 1056768K
  class space    used 675K, capacity 688K, committed 768K, reserved 1048576K
}
Event: 11.194 GC heap before
{Heap before GC invocations=13 (full 4):
 PSYoungGen      total 138240K, used 5119K [0x00000000eab00000, 0x00000000f3700000, 0x0000000100000000)
  eden space 133120K, 0% used [0x00000000eab00000,0x00000000eab00000,0x00000000f2d00000)
  from space 5120K, 99% used [0x00000000f2d00000,0x00000000f31ffd88,0x00000000f3200000)
  to   space 5120K, 0% used [0x00000000f3200000,0x00000000f3200000,0x00000000f3700000)
 ParOldGen       total 165376K, used 117065K [0x00000000c0000000, 0x00000000ca180000, 0x00000000eab00000)
  object space 165376K, 70% used [0x00000000c0000000,0x00000000c72526f8,0x00000000ca180000)
 Metaspace       used 7243K, capacity 7800K, committed 7936K, reserved 1056768K
  class space    used 675K, capacity 688K, committed 768K, reserved 1048576K
Event: 11.616 GC heap after
Heap after GC invocations=13 (full 4):
 PSYoungGen      total 138240K, used 0K [0x00000000eab00000, 0x00000000f3700000, 0x0000000100000000)
  eden space 133120K, 0% used [0x00000000eab00000,0x00000000eab00000,0x00000000f2d00000)
  from space 5120K, 0% used [0x00000000f2d00000,0x00000000f2d00000,0x00000000f3200000)
  to   space 5120K, 0% used [0x00000000f3200000,0x00000000f3200000,0x00000000f3700000)
 ParOldGen       total 165376K, used 49806K [0x00000000c0000000, 0x00000000ca180000, 0x00000000eab00000)
  object space 165376K, 30% used [0x00000000c0000000,0x00000000c30a3b98,0x00000000ca180000)
 Metaspace       used 7243K, capacity 7800K, committed 7936K, reserved 1056768K
  class space    used 675K, capacity 688K, committed 768K, reserved 1048576K
}

